[09May2025 00:20:46.421] [Server thread/INFO] [net.minecraft.server.MinecraftServer/]: Tylerohio616 was slain by Crimson Mosquito
[09May2025 00:21:55.673] [Server thread/INFO] [net.minecraft.server.MinecraftServer/]: Tylerohio616 was slain by Hoglin
[09May2025 00:22:51.518] [Server thread/INFO] [net.minecraft.server.MinecraftServer/]: Tylerohio616 was slain by Hoglin
[09May2025 00:23:53.136] [Server thread/INFO] [net.minecraft.server.MinecraftServer/]: Tylerohio616 was slain by Roger66682
[09May2025 00:24:44.619] [Server thread/INFO] [net.minecraft.server.MinecraftServer/]: Tylerohio616 was slain by Crimson Mosquito
[09May2025 00:25:05.019] [Server thread/INFO] [net.minecraft.server.MinecraftServer/]: Teleported Tylerohio616 to Roger66682
[09May2025 00:25:59.686] [Server thread/WARN] [net.minecraft.server.level.ServerPlayerGameMode/]: Mismatch in destroy block pos: BlockPos{x=544, y=117, z=78} BlockPos{x=586, y=116, z=75}
[09May2025 00:28:56.187] [Server thread/WARN] [net.minecraft.server.level.ServerPlayerGameMode/]: Mismatch in destroy block pos: BlockPos{x=776, y=116, z=81} BlockPos{x=698, y=116, z=78}
[09May2025 00:28:56.240] [Server thread/WARN] [net.minecraft.server.level.ServerPlayerGameMode/]: Mismatch in destroy block pos: BlockPos{x=776, y=116, z=81} BlockPos{x=698, y=116, z=78}
[09May2025 00:29:51.770] [Server thread/INFO] [net.minecraft.server.MinecraftServer/]: Tylerohio616 was slain by Crimson Mosquito
[09May2025 00:30:08.136] [Server thread/INFO] [net.minecraft.server.MinecraftServer/]: Roger66682 was slain by Hoglin
[09May2025 00:32:19.522] [Server thread/INFO] [net.minecraft.server.MinecraftServer/]: Tylerohio616 was slain by Crimson Mosquito
[09May2025 00:32:33.185] [Server thread/INFO] [net.minecraft.server.MinecraftServer/]: Roger66682 was slain by Crimson Mosquito
[09May2025 00:32:58.767] [Server thread/INFO] [net.minecraft.server.MinecraftServer/]: Teleported Tylerohio616 to Roger66682
[09May2025 00:33:24.719] [Server thread/INFO] [net.minecraft.server.MinecraftServer/]: Tylerohio616 was slain by Crimson Mosquito
[09May2025 00:33:47.307] [Server thread/INFO] [net.minecraft.server.MinecraftServer/]: Teleported Tylerohio616 to Roger66682
[09May2025 00:34:13.371] [Server thread/INFO] [net.minecraft.server.MinecraftServer/]: Roger66682 was slain by Hoglin
[09May2025 00:55:53.563] [User Authenticator #6/INFO] [net.minecraft.server.network.ServerLoginPacketListenerImpl/]: UUID of player LtDansNubs is 455d54af-92c7-4cd8-8e6f-ef18d452ae14
[09May2025 00:56:00.042] [Server thread/INFO] [net.minecraft.server.players.PlayerList/]: LtDansNubs[/71.79.224.78:53694] logged in with entity id 50373 at (-105.784522639893, 67.0, 314.3661178610491)
[09May2025 00:56:00.060] [Server thread/INFO] [net.minecraft.server.MinecraftServer/]: LtDansNubs joined the game
[09May2025 00:57:07.534] [Server thread/WARN] [net.minecraft.server.level.ServerPlayerGameMode/]: Mismatch in destroy block pos: BlockPos{x=-57, y=-60, z=261} BlockPos{x=-57, y=-61, z=261}
[09May2025 01:00:01.883] [Server thread/WARN] [net.minecraft.server.level.ServerPlayerGameMode/]: Mismatch in destroy block pos: BlockPos{x=-74, y=-59, z=256} BlockPos{x=3, y=-59, z=264}
[09May2025 01:00:11.938] [Server thread/WARN] [net.minecraft.server.level.ServerPlayerGameMode/]: Mismatch in destroy block pos: BlockPos{x=5, y=-59, z=265} BlockPos{x=5, y=-59, z=266}
[09May2025 01:00:33.540] [Server thread/WARN] [net.minecraft.server.level.ServerPlayerGameMode/]: Mismatch in destroy block pos: BlockPos{x=5, y=-49, z=263} BlockPos{x=6, y=-59, z=263}
[09May2025 01:03:05.991] [Server thread/WARN] [net.minecraft.server.level.ServerPlayerGameMode/]: Mismatch in destroy block pos: BlockPos{x=67, y=-60, z=266} BlockPos{x=69, y=-61, z=266}
[09May2025 01:08:19.534] [Server thread/WARN] [net.minecraft.server.level.ServerPlayerGameMode/]: Mismatch in destroy block pos: BlockPos{x=9, y=-51, z=332} BlockPos{x=9, y=-59, z=333}
[09May2025 01:48:39.437] [Server thread/INFO] [net.minecraft.server.MinecraftServer/]: LtDansNubs has made the advancement [Baby's First Rocket]
[09May2025 01:50:51.133] [Server thread/WARN] [net.minecraft.server.level.ServerPlayerGameMode/]: Mismatch in destroy block pos: BlockPos{x=-48, y=63, z=342} BlockPos{x=-56, y=62, z=343}
[09May2025 01:55:21.447] [Server thread/INFO] [net.minecraft.server.MinecraftServer/]: Tylerohio616 has reached the goal [Clay Island]
[09May2025 01:55:22.030] [Server thread/INFO] [net.minecraft.server.MinecraftServer/]: LtDansNubs has reached the goal [Clay Island]
[09May2025 02:00:34.542] [Server thread/INFO] [net.minecraft.server.MinecraftServer/]: Teleported Tylerohio616 to Roger66682
[09May2025 02:01:51.471] [Server thread/INFO] [net.minecraft.server.MinecraftServer/]: LtDansNubs has made the advancement [Hostile Paradise]
[09May2025 02:02:28.292] [Server thread/INFO] [net.minecraft.server.MinecraftServer/]: Tylerohio616 has made the advancement [Baby Food]
[09May2025 02:03:52.904] [Server thread/INFO] [net.minecraft.server.MinecraftServer/]: Tylerohio616 fell from a high place
[09May2025 02:06:56.486] [Server thread/INFO] [net.minecraft.server.MinecraftServer/]: Tylerohio616 has made the advancement [No Step on Snake]
[09May2025 02:13:59.138] [Server thread/WARN] [net.minecraft.server.level.ServerPlayerGameMode/]: Mismatch in destroy block pos: BlockPos{x=-94, y=67, z=292} BlockPos{x=-66, y=63, z=309}
[09May2025 02:19:11.470] [Server thread/INFO] [net.minecraft.server.MinecraftServer/]: Roger66682 was slain by Enderman
[09May2025 02:21:19.237] [Server thread/WARN] [net.minecraft.server.level.ServerPlayerGameMode/]: Mismatch in destroy block pos: BlockPos{x=-807, y=-24, z=2644} BlockPos{x=-806, y=-24, z=2645}
[09May2025 02:21:40.784] [Server thread/INFO] [net.minecraft.server.MinecraftServer/]: Tylerohio616 was slain by Kobold
[09May2025 02:21:59.291] [Server thread/WARN] [net.minecraft.server.level.ServerPlayerGameMode/]: Mismatch in destroy block pos: BlockPos{x=-807, y=-26, z=2650} BlockPos{x=-805, y=-27, z=2647}
[09May2025 02:23:35.885] [Server thread/WARN] [net.minecraft.server.level.ServerPlayerGameMode/]: Mismatch in destroy block pos: BlockPos{x=-68, y=66, z=348} BlockPos{x=-43, y=70, z=341}
[09May2025 02:23:36.011] [Server thread/WARN] [net.minecraft.server.level.ServerPlayerGameMode/]: Mismatch in destroy block pos: BlockPos{x=-68, y=66, z=348} BlockPos{x=-44, y=70, z=342}
[09May2025 02:24:11.980] [Server thread/INFO] [net.minecraft.server.MinecraftServer/]: LtDansNubs was slain by Kobold
[09May2025 02:24:13.385] [Server thread/INFO] [net.minecraft.server.MinecraftServer/]: Tylerohio616 was slain by Kobold
[09May2025 02:31:14.433] [Server thread/INFO] [net.minecraft.server.MinecraftServer/]: Tylerohio616 has made the advancement [Spirit Taking]
[09May2025 02:31:28.634] [Server thread/INFO] [net.minecraft.server.MinecraftServer/]: Tylerohio616 has made the advancement [To Infinity and Beyond!]
[09May2025 02:31:41.579] [Server thread/INFO] [net.minecraft.server.MinecraftServer/]: Roger66682 has made the advancement [To Infinity and Beyond!]
[09May2025 02:33:32.542] [Server thread/INFO] [net.minecraft.server.MinecraftServer/]: LtDansNubs has made the advancement [To Infinity and Beyond!]
[09May2025 02:33:44.990] [Server thread/INFO] [net.minecraft.server.MinecraftServer/]: LtDansNubs was doomed to fall by Tylerohio616
[09May2025 02:33:47.329] [Server thread/INFO] [net.minecraft.server.MinecraftServer/]: Roger66682 fell from a high place
[09May2025 02:36:49.901] [Server thread/WARN] [net.minecraft.server.level.ServerPlayerGameMode/]: Mismatch in destroy block pos: BlockPos{x=-19, y=89, z=404} BlockPos{x=-17, y=86, z=403}
[09May2025 02:37:03.698] [Server thread/INFO] [net.minecraft.server.MinecraftServer/]: Tylerohio616 fell from a high place
[09May2025 02:38:48.051] [Server thread/INFO] [net.minecraft.server.MinecraftServer/]: Tylerohio616 fell from a high place
[09May2025 02:39:59.194] [Server thread/INFO] [net.minecraft.server.MinecraftServer/]: Tylerohio616 fell from a high place
[09May2025 02:43:30.837] [Server thread/INFO] [net.minecraft.server.MinecraftServer/]: LtDansNubs fell from a high place
[09May2025 02:45:50.062] [Server thread/INFO] [net.minecraft.server.MinecraftServer/]: LtDansNubs fell from a high place
[09May2025 02:46:14.257] [Server thread/INFO] [net.minecraft.server.MinecraftServer/]: Tylerohio616 fell from a high place
[09May2025 02:46:28.590] [Server thread/INFO] [net.minecraft.server.MinecraftServer/]: Roger66682 was slain by LtDansNubs
[09May2025 02:47:14.656] [Server thread/INFO] [net.minecraft.server.MinecraftServer/]: Tylerohio616 fell from a high place
[09May2025 02:47:40.440] [Server thread/WARN] [net.minecraft.server.level.ServerPlayerGameMode/]: Mismatch in destroy block pos: BlockPos{x=-83, y=62, z=338} BlockPos{x=-83, y=62, z=340}
[09May2025 02:52:20.936] [Server thread/INFO] [net.minecraft.server.MinecraftServer/]: Roger66682 was slain by Tylerohio616
[09May2025 02:55:55.988] [Server thread/INFO] [net.minecraft.server.MinecraftServer/]: Tylerohio616 was slain by LtDansNubs
[09May2025 02:56:20.553] [Server thread/INFO] [net.minecraft.server.MinecraftServer/]: LtDansNubs was slain by Tylerohio616
[09May2025 02:58:53.649] [Server thread/INFO] [net.minecraft.server.MinecraftServer/]: Tylerohio616 was doomed to fall by Bison
[09May2025 02:59:44.981] [Server thread/INFO] [net.minecraft.server.MinecraftServer/]: Tylerohio616 was slain by Bison
[09May2025 03:02:47.695] [Server thread/INFO] [net.minecraft.server.MinecraftServer/]: Teleported Tylerohio616 to Roger66682
[09May2025 03:05:34.994] [Server thread/INFO] [net.minecraft.server.network.ServerGamePacketListenerImpl/]: Tylerohio616 lost connection: Disconnected
[09May2025 03:05:34.994] [Server thread/INFO] [net.minecraft.server.MinecraftServer/]: Tylerohio616 left the game
[09May2025 03:05:52.332] [Server thread/INFO] [net.minecraft.server.MinecraftServer/]: Roger66682 was burnt to a crisp whilst fighting Blaze
[09May2025 03:36:24.533] [Server thread/INFO] [net.minecraft.server.MinecraftServer/]: Roger66682 has made the advancement [Busy Hands]
[09May2025 03:40:59.878] [Server thread/INFO] [net.minecraft.server.MinecraftServer/]: Roger66682 has reached the goal [Organize-o-Tron]
[09May2025 05:38:14.432] [Server thread/INFO] [net.minecraft.server.MinecraftServer/]: LtDansNubs has made the advancement [Spirit Taking]
[09May2025 05:38:30.331] [Server thread/INFO] [net.minecraft.server.MinecraftServer/]: LtDansNubs has reached the goal [A Shower "Experience"]
[09May2025 05:38:30.332] [Server thread/WARN] [net.minecraft.server.level.ServerLevel/]: Tried to add entity minecraft:experience_orb but it was marked as removed already
[09May2025 05:38:30.433] [Server thread/WARN] [net.minecraft.server.level.ServerLevel/]: Tried to add entity minecraft:experience_orb but it was marked as removed already
[09May2025 05:42:32.778] [Server thread/INFO] [net.minecraft.server.network.ServerGamePacketListenerImpl/]: LtDansNubs lost connection: Disconnected
[09May2025 05:42:32.778] [Server thread/INFO] [net.minecraft.server.MinecraftServer/]: LtDansNubs left the game
[09May2025 05:42:58.336] [Server thread/INFO] [net.minecraft.server.network.ServerGamePacketListenerImpl/]: Roger66682 lost connection: Disconnected
[09May2025 05:42:58.336] [Server thread/INFO] [net.minecraft.server.MinecraftServer/]: Roger66682 left the game
[09May2025 05:43:50.063] [Server thread/INFO] [net.minecraft.server.MinecraftServer/]: Saving the game (this may take a moment!)
[09May2025 05:43:50.198] [Server thread/INFO] [net.minecraft.server.MinecraftServer/]: ThreadedAnvilChunkStorage (Create SMP!): All chunks are saved
[09May2025 05:43:50.198] [Server thread/INFO] [net.minecraft.server.MinecraftServer/]: ThreadedAnvilChunkStorage (uranus): All chunks are saved
[09May2025 05:43:50.198] [Server thread/INFO] [net.minecraft.server.MinecraftServer/]: ThreadedAnvilChunkStorage (moon): All chunks are saved
[09May2025 05:43:50.198] [Server thread/INFO] [net.minecraft.server.MinecraftServer/]: ThreadedAnvilChunkStorage (orbiting_jupiter): All chunks are saved
[09May2025 05:43:50.198] [Server thread/INFO] [net.minecraft.server.MinecraftServer/]: ThreadedAnvilChunkStorage (s_2b): All chunks are saved
[09May2025 05:43:50.198] [Server thread/INFO] [net.minecraft.server.MinecraftServer/]: ThreadedAnvilChunkStorage (DIM1): All chunks are saved
[09May2025 05:43:50.198] [Server thread/INFO] [net.minecraft.server.MinecraftServer/]: ThreadedAnvilChunkStorage (saturn): All chunks are saved
[09May2025 05:43:50.198] [Server thread/INFO] [net.minecraft.server.MinecraftServer/]: ThreadedAnvilChunkStorage (orbiting_neptune): All chunks are saved
[09May2025 05:43:50.198] [Server thread/INFO] [net.minecraft.server.MinecraftServer/]: ThreadedAnvilChunkStorage (venus): All chunks are saved
[09May2025 05:43:50.198] [Server thread/INFO] [net.minecraft.server.MinecraftServer/]: ThreadedAnvilChunkStorage (orbiting_uranus): All chunks are saved
[09May2025 05:43:50.198] [Server thread/INFO] [net.minecraft.server.MinecraftServer/]: ThreadedAnvilChunkStorage (pluto): All chunks are saved
[09May2025 05:43:50.198] [Server thread/INFO] [net.minecraft.server.MinecraftServer/]: ThreadedAnvilChunkStorage (venus_orbit): All chunks are saved
[09May2025 05:43:50.198] [Server thread/INFO] [net.minecraft.server.MinecraftServer/]: ThreadedAnvilChunkStorage (asteroid_belt): All chunks are saved
[09May2025 05:43:50.198] [Server thread/INFO] [net.minecraft.server.MinecraftServer/]: ThreadedAnvilChunkStorage (glacio_orbit): All chunks are saved
[09May2025 05:43:50.198] [Server thread/INFO] [net.minecraft.server.MinecraftServer/]: ThreadedAnvilChunkStorage (mars): All chunks are saved
[09May2025 05:43:50.198] [Server thread/INFO] [net.minecraft.server.MinecraftServer/]: ThreadedAnvilChunkStorage (orbiting_venus): All chunks are saved
[09May2025 05:43:50.198] [Server thread/INFO] [net.minecraft.server.MinecraftServer/]: ThreadedAnvilChunkStorage (mars_orbit): All chunks are saved
[09May2025 05:43:50.199] [Server thread/INFO] [net.minecraft.server.MinecraftServer/]: ThreadedAnvilChunkStorage (neptune): All chunks are saved
[09May2025 05:43:50.199] [Server thread/INFO] [net.minecraft.server.MinecraftServer/]: ThreadedAnvilChunkStorage (the_moon): All chunks are saved
[09May2025 05:43:50.199] [Server thread/INFO] [net.minecraft.server.MinecraftServer/]: ThreadedAnvilChunkStorage (mercury): All chunks are saved
[09May2025 05:43:50.199] [Server thread/INFO] [net.minecraft.server.MinecraftServer/]: ThreadedAnvilChunkStorage (orbiting_mars): All chunks are saved
[09May2025 05:43:50.199] [Server thread/INFO] [net.minecraft.server.MinecraftServer/]: ThreadedAnvilChunkStorage (mercury_orbit): All chunks are saved
[09May2025 05:43:50.199] [Server thread/INFO] [net.minecraft.server.MinecraftServer/]: ThreadedAnvilChunkStorage (orbiting_saturn): All chunks are saved
[09May2025 05:43:50.199] [Server thread/INFO] [net.minecraft.server.MinecraftServer/]: ThreadedAnvilChunkStorage (orbiting_mercury): All chunks are saved
[09May2025 05:43:50.199] [Server thread/INFO] [net.minecraft.server.MinecraftServer/]: ThreadedAnvilChunkStorage (DIM-1): All chunks are saved
[09May2025 05:43:50.199] [Server thread/INFO] [net.minecraft.server.MinecraftServer/]: ThreadedAnvilChunkStorage (moon_orbit): All chunks are saved
[09May2025 05:43:50.199] [Server thread/INFO] [net.minecraft.server.MinecraftServer/]: ThreadedAnvilChunkStorage (orbiting_earth): All chunks are saved
[09May2025 05:43:50.199] [Server thread/INFO] [net.minecraft.server.MinecraftServer/]: ThreadedAnvilChunkStorage (the_aether): All chunks are saved
[09May2025 05:43:50.199] [Server thread/INFO] [net.minecraft.server.MinecraftServer/]: ThreadedAnvilChunkStorage (dimidium): All chunks are saved
[09May2025 05:43:50.199] [Server thread/INFO] [net.minecraft.server.MinecraftServer/]: ThreadedAnvilChunkStorage (moon): All chunks are saved
[09May2025 05:43:50.199] [Server thread/INFO] [net.minecraft.server.MinecraftServer/]: ThreadedAnvilChunkStorage (j_1407b): All chunks are saved
[09May2025 05:43:50.199] [Server thread/INFO] [net.minecraft.server.MinecraftServer/]: ThreadedAnvilChunkStorage (mercury): All chunks are saved
[09May2025 05:43:50.199] [Server thread/INFO] [net.minecraft.server.MinecraftServer/]: ThreadedAnvilChunkStorage (jupiter): All chunks are saved
[09May2025 05:43:50.199] [Server thread/INFO] [net.minecraft.server.MinecraftServer/]: ThreadedAnvilChunkStorage (twilight_forest): All chunks are saved
[09May2025 05:43:50.199] [Server thread/INFO] [net.minecraft.server.MinecraftServer/]: ThreadedAnvilChunkStorage (glacio): All chunks are saved
[09May2025 05:43:50.199] [Server thread/INFO] [net.minecraft.server.MinecraftServer/]: ThreadedAnvilChunkStorage (orbiting_pluto): All chunks are saved
[09May2025 05:43:50.199] [Server thread/INFO] [net.minecraft.server.MinecraftServer/]: ThreadedAnvilChunkStorage (venus): All chunks are saved
[09May2025 05:43:50.200] [Server thread/INFO] [net.minecraft.server.MinecraftServer/]: ThreadedAnvilChunkStorage (earth_orbit): All chunks are saved
[09May2025 05:43:50.200] [Server thread/INFO] [net.minecraft.server.MinecraftServer/]: ThreadedAnvilChunkStorage (mars): All chunks are saved
[09May2025 05:43:50.200] [Server thread/INFO] [net.minecraft.server.MinecraftServer/]: ThreadedAnvilChunkStorage: All dimensions are saved
[09May2025 05:43:50.200] [Server thread/INFO] [net.minecraft.server.MinecraftServer/]: Saved the game
[09May2025 05:43:55.213] [Server thread/INFO] [net.minecraft.server.MinecraftServer/]: Stopping the server
[09May2025 05:43:55.263] [Server thread/INFO] [net.minecraft.server.MinecraftServer/]: Stopping server
[09May2025 05:43:55.264] [Server thread/INFO] [net.minecraft.server.MinecraftServer/]: Saving players
[09May2025 05:43:55.265] [Server thread/INFO] [net.minecraft.server.MinecraftServer/]: Saving worlds
[09May2025 05:43:55.283] [Physics thread/WARN] [org.valkyrienskies.core.impl.pipelines.VSPhysicsPipelineBackgroundTask/]: Physics pipeline ending
[09May2025 05:43:55.360] [Server thread/INFO] [net.minecraft.server.MinecraftServer/]: Saving chunks for level 'ServerLevel[world]'/minecraft:overworld
[09May2025 05:43:55.449] [Server thread/INFO] [net.minecraft.server.MinecraftServer/]: Saving chunks for level 'ServerLevel[world]'/dfs:uranus
[09May2025 05:43:55.449] [Server thread/INFO] [net.minecraft.server.MinecraftServer/]: Saving chunks for level 'ServerLevel[world]'/ad_astra:moon
[09May2025 05:43:55.449] [Server thread/INFO] [net.minecraft.server.MinecraftServer/]: Saving chunks for level 'ServerLevel[world]'/dfs:orbiting_jupiter
[09May2025 05:43:55.449] [Server thread/INFO] [net.minecraft.server.MinecraftServer/]: Saving chunks for level 'ServerLevel[world]'/dfs:s_2b
[09May2025 05:43:55.450] [Server thread/INFO] [net.minecraft.server.MinecraftServer/]: Saving chunks for level 'ServerLevel[world]'/minecraft:the_end
[09May2025 05:43:55.450] [Server thread/INFO] [net.minecraft.server.MinecraftServer/]: Saving chunks for level 'ServerLevel[world]'/dfs:saturn
[09May2025 05:43:55.450] [Server thread/INFO] [net.minecraft.server.MinecraftServer/]: Saving chunks for level 'ServerLevel[world]'/dfs:orbiting_neptune
[09May2025 05:43:55.450] [Server thread/INFO] [net.minecraft.server.MinecraftServer/]: Saving chunks for level 'ServerLevel[world]'/ad_astra:venus
[09May2025 05:43:55.451] [Server thread/INFO] [net.minecraft.server.MinecraftServer/]: Saving chunks for level 'ServerLevel[world]'/dfs:orbiting_uranus
[09May2025 05:43:55.451] [Server thread/INFO] [net.minecraft.server.MinecraftServer/]: Saving chunks for level 'ServerLevel[world]'/dfs:pluto
[09May2025 05:43:55.451] [Server thread/INFO] [net.minecraft.server.MinecraftServer/]: Saving chunks for level 'ServerLevel[world]'/ad_astra:venus_orbit
[09May2025 05:43:55.451] [Server thread/INFO] [net.minecraft.server.MinecraftServer/]: Saving chunks for level 'ServerLevel[world]'/dfs:asteroid_belt
[09May2025 05:43:55.451] [Server thread/INFO] [net.minecraft.server.MinecraftServer/]: Saving chunks for level 'ServerLevel[world]'/ad_astra:glacio_orbit
[09May2025 05:43:55.452] [Server thread/INFO] [net.minecraft.server.MinecraftServer/]: Saving chunks for level 'ServerLevel[world]'/ad_astra:mars
[09May2025 05:43:55.452] [Server thread/INFO] [net.minecraft.server.MinecraftServer/]: Saving chunks for level 'ServerLevel[world]'/dfs:orbiting_venus
[09May2025 05:43:55.452] [Server thread/INFO] [net.minecraft.server.MinecraftServer/]: Saving chunks for level 'ServerLevel[world]'/ad_astra:mars_orbit
[09May2025 05:43:55.452] [Server thread/INFO] [net.minecraft.server.MinecraftServer/]: Saving chunks for level 'ServerLevel[world]'/dfs:neptune
[09May2025 05:43:55.453] [Server thread/INFO] [net.minecraft.server.MinecraftServer/]: Saving chunks for level 'ServerLevel[world]'/dfs:the_moon
[09May2025 05:43:55.453] [Server thread/INFO] [net.minecraft.server.MinecraftServer/]: Saving chunks for level 'ServerLevel[world]'/dfs:mercury
[09May2025 05:43:55.453] [Server thread/INFO] [net.minecraft.server.MinecraftServer/]: Saving chunks for level 'ServerLevel[world]'/dfs:orbiting_mars
[09May2025 05:43:55.453] [Server thread/INFO] [net.minecraft.server.MinecraftServer/]: Saving chunks for level 'ServerLevel[world]'/ad_astra:mercury_orbit
[09May2025 05:43:55.453] [Server thread/INFO] [net.minecraft.server.MinecraftServer/]: Saving chunks for level 'ServerLevel[world]'/dfs:orbiting_saturn
[09May2025 05:43:55.454] [Server thread/INFO] [net.minecraft.server.MinecraftServer/]: Saving chunks for level 'ServerLevel[world]'/dfs:orbiting_mercury
[09May2025 05:43:55.454] [Server thread/INFO] [net.minecraft.server.MinecraftServer/]: Saving chunks for level 'ServerLevel[world]'/minecraft:the_nether
[09May2025 05:43:55.456] [Server thread/INFO] [net.minecraft.server.MinecraftServer/]: Saving chunks for level 'ServerLevel[world]'/ad_astra:moon_orbit
[09May2025 05:43:55.456] [Server thread/INFO] [net.minecraft.server.MinecraftServer/]: Saving chunks for level 'ServerLevel[world]'/dfs:orbiting_earth
[09May2025 05:43:55.456] [Server thread/INFO] [net.minecraft.server.MinecraftServer/]: Saving chunks for level 'ServerLevel[world]'/aether:the_aether
[09May2025 05:43:55.457] [Server thread/INFO] [net.minecraft.server.MinecraftServer/]: Saving chunks for level 'ServerLevel[world]'/dfs:dimidium
[09May2025 05:43:55.458] [Server thread/INFO] [net.minecraft.server.MinecraftServer/]: Saving chunks for level 'ServerLevel[world]'/dfs:moon
[09May2025 05:43:55.458] [Server thread/INFO] [net.minecraft.server.MinecraftServer/]: Saving chunks for level 'ServerLevel[world]'/dfs:j_1407b
[09May2025 05:43:55.458] [Server thread/INFO] [net.minecraft.server.MinecraftServer/]: Saving chunks for level 'ServerLevel[world]'/ad_astra:mercury
[09May2025 05:43:55.458] [Server thread/INFO] [net.minecraft.server.MinecraftServer/]: Saving chunks for level 'ServerLevel[world]'/dfs:jupiter
[09May2025 05:43:55.458] [Server thread/INFO] [net.minecraft.server.MinecraftServer/]: Saving chunks for level 'ServerLevel[world]'/twilightforest:twilight_forest
[09May2025 05:43:55.460] [Server thread/INFO] [net.minecraft.server.MinecraftServer/]: Saving chunks for level 'ServerLevel[world]'/ad_astra:glacio
[09May2025 05:43:55.460] [Server thread/INFO] [net.minecraft.server.MinecraftServer/]: Saving chunks for level 'ServerLevel[world]'/dfs:orbiting_pluto
[09May2025 05:43:55.460] [Server thread/INFO] [net.minecraft.server.MinecraftServer/]: Saving chunks for level 'ServerLevel[world]'/dfs:venus
[09May2025 05:43:55.460] [Server thread/INFO] [net.minecraft.server.MinecraftServer/]: Saving chunks for level 'ServerLevel[world]'/ad_astra:earth_orbit
[09May2025 05:43:55.461] [Server thread/INFO] [net.minecraft.server.MinecraftServer/]: Saving chunks for level 'ServerLevel[world]'/dfs:mars
[09May2025 05:43:55.528] [Server thread/INFO] [net.minecraft.server.MinecraftServer/]: ThreadedAnvilChunkStorage (Create SMP!): All chunks are saved
[09May2025 05:43:55.529] [Server thread/INFO] [net.minecraft.server.MinecraftServer/]: ThreadedAnvilChunkStorage (uranus): All chunks are saved
[09May2025 05:43:55.529] [Server thread/INFO] [net.minecraft.server.MinecraftServer/]: ThreadedAnvilChunkStorage (moon): All chunks are saved
[09May2025 05:43:55.529] [Server thread/INFO] [net.minecraft.server.MinecraftServer/]: ThreadedAnvilChunkStorage (orbiting_jupiter): All chunks are saved
[09May2025 05:43:55.529] [Server thread/INFO] [net.minecraft.server.MinecraftServer/]: ThreadedAnvilChunkStorage (s_2b): All chunks are saved
[09May2025 05:43:55.529] [Server thread/INFO] [net.minecraft.server.MinecraftServer/]: ThreadedAnvilChunkStorage (DIM1): All chunks are saved
[09May2025 05:43:55.529] [Server thread/INFO] [net.minecraft.server.MinecraftServer/]: ThreadedAnvilChunkStorage (saturn): All chunks are saved
[09May2025 05:43:55.529] [Server thread/INFO] [net.minecraft.server.MinecraftServer/]: ThreadedAnvilChunkStorage (orbiting_neptune): All chunks are saved
[09May2025 05:43:55.529] [Server thread/INFO] [net.minecraft.server.MinecraftServer/]: ThreadedAnvilChunkStorage (venus): All chunks are saved
[09May2025 05:43:55.529] [Server thread/INFO] [net.minecraft.server.MinecraftServer/]: ThreadedAnvilChunkStorage (orbiting_uranus): All chunks are saved
[09May2025 05:43:55.529] [Server thread/INFO] [net.minecraft.server.MinecraftServer/]: ThreadedAnvilChunkStorage (pluto): All chunks are saved
[09May2025 05:43:55.529] [Server thread/INFO] [net.minecraft.server.MinecraftServer/]: ThreadedAnvilChunkStorage (venus_orbit): All chunks are saved
[09May2025 05:43:55.529] [Server thread/INFO] [net.minecraft.server.MinecraftServer/]: ThreadedAnvilChunkStorage (asteroid_belt): All chunks are saved
[09May2025 05:43:55.529] [Server thread/INFO] [net.minecraft.server.MinecraftServer/]: ThreadedAnvilChunkStorage (glacio_orbit): All chunks are saved
[09May2025 05:43:55.529] [Server thread/INFO] [net.minecraft.server.MinecraftServer/]: ThreadedAnvilChunkStorage (mars): All chunks are saved
[09May2025 05:43:55.529] [Server thread/INFO] [net.minecraft.server.MinecraftServer/]: ThreadedAnvilChunkStorage (orbiting_venus): All chunks are saved
[09May2025 05:43:55.529] [Server thread/INFO] [net.minecraft.server.MinecraftServer/]: ThreadedAnvilChunkStorage (mars_orbit): All chunks are saved
[09May2025 05:43:55.529] [Server thread/INFO] [net.minecraft.server.MinecraftServer/]: ThreadedAnvilChunkStorage (neptune): All chunks are saved
[09May2025 05:43:55.529] [Server thread/INFO] [net.minecraft.server.MinecraftServer/]: ThreadedAnvilChunkStorage (the_moon): All chunks are saved
[09May2025 05:43:55.529] [Server thread/INFO] [net.minecraft.server.MinecraftServer/]: ThreadedAnvilChunkStorage (mercury): All chunks are saved
[09May2025 05:43:55.529] [Server thread/INFO] [net.minecraft.server.MinecraftServer/]: ThreadedAnvilChunkStorage (orbiting_mars): All chunks are saved
[09May2025 05:43:55.529] [Server thread/INFO] [net.minecraft.server.MinecraftServer/]: ThreadedAnvilChunkStorage (mercury_orbit): All chunks are saved
[09May2025 05:43:55.529] [Server thread/INFO] [net.minecraft.server.MinecraftServer/]: ThreadedAnvilChunkStorage (orbiting_saturn): All chunks are saved
[09May2025 05:43:55.529] [Server thread/INFO] [net.minecraft.server.MinecraftServer/]: ThreadedAnvilChunkStorage (orbiting_mercury): All chunks are saved
[09May2025 05:43:55.529] [Server thread/INFO] [net.minecraft.server.MinecraftServer/]: ThreadedAnvilChunkStorage (DIM-1): All chunks are saved
[09May2025 05:43:55.529] [Server thread/INFO] [net.minecraft.server.MinecraftServer/]: ThreadedAnvilChunkStorage (moon_orbit): All chunks are saved
[09May2025 05:43:55.529] [Server thread/INFO] [net.minecraft.server.MinecraftServer/]: ThreadedAnvilChunkStorage (orbiting_earth): All chunks are saved
[09May2025 05:43:55.529] [Server thread/INFO] [net.minecraft.server.MinecraftServer/]: ThreadedAnvilChunkStorage (the_aether): All chunks are saved
[09May2025 05:43:55.530] [Server thread/INFO] [net.minecraft.server.MinecraftServer/]: ThreadedAnvilChunkStorage (dimidium): All chunks are saved
[09May2025 05:43:55.530] [Server thread/INFO] [net.minecraft.server.MinecraftServer/]: ThreadedAnvilChunkStorage (moon): All chunks are saved
[09May2025 05:43:55.530] [Server thread/INFO] [net.minecraft.server.MinecraftServer/]: ThreadedAnvilChunkStorage (j_1407b): All chunks are saved
[09May2025 05:43:55.530] [Server thread/INFO] [net.minecraft.server.MinecraftServer/]: ThreadedAnvilChunkStorage (mercury): All chunks are saved
[09May2025 05:43:55.530] [Server thread/INFO] [net.minecraft.server.MinecraftServer/]: ThreadedAnvilChunkStorage (jupiter): All chunks are saved
[09May2025 05:43:55.530] [Server thread/INFO] [net.minecraft.server.MinecraftServer/]: ThreadedAnvilChunkStorage (twilight_forest): All chunks are saved
[09May2025 05:43:55.530] [Server thread/INFO] [net.minecraft.server.MinecraftServer/]: ThreadedAnvilChunkStorage (glacio): All chunks are saved
[09May2025 05:43:55.530] [Server thread/INFO] [net.minecraft.server.MinecraftServer/]: ThreadedAnvilChunkStorage (orbiting_pluto): All chunks are saved
[09May2025 05:43:55.530] [Server thread/INFO] [net.minecraft.server.MinecraftServer/]: ThreadedAnvilChunkStorage (venus): All chunks are saved
[09May2025 05:43:55.530] [Server thread/INFO] [net.minecraft.server.MinecraftServer/]: ThreadedAnvilChunkStorage (earth_orbit): All chunks are saved
[09May2025 05:43:55.530] [Server thread/INFO] [net.minecraft.server.MinecraftServer/]: ThreadedAnvilChunkStorage (mars): All chunks are saved
[09May2025 05:43:55.530] [Server thread/INFO] [net.minecraft.server.MinecraftServer/]: ThreadedAnvilChunkStorage: All dimensions are saved
[09May2025 05:43:55.603] [Server thread/INFO] [Framework/]: Unloading server configs...
[09May2025 05:43:55.604] [Server thread/INFO] [Framework/]: Sending config unload event for refurbished_furniture.server.toml
[09May2025 05:43:55.606] [Server thread/INFO] [Framework/]: Finished unloading server configs
